0 info it worked if it ends with ok
1 verbose cli [ '/usr/local/bin/node', '/usr/local/bin/npm', 'run', 'debug' ]
2 info using npm@3.9.5
3 info using node@v6.2.2
4 verbose run-script [ 'predebug', 'debug', 'postdebug' ]
5 info lifecycle homebridge-sinope@0.0.1~predebug: homebridge-sinope@0.0.1
6 silly lifecycle homebridge-sinope@0.0.1~predebug: no script for predebug, continuing
7 info lifecycle homebridge-sinope@0.0.1~debug: homebridge-sinope@0.0.1
8 verbose lifecycle homebridge-sinope@0.0.1~debug: unsafe-perm in lifecycle true
9 verbose lifecycle homebridge-sinope@0.0.1~debug: PATH: /usr/local/lib/node_modules/npm/bin/node-gyp-bin:/Users/jfdube/Documents/projects/homebridge-sinope/node_modules/.bin:/usr/local/bin:/usr/local/bin:/usr/bin:/bin:/usr/sbin:/sbin
10 verbose lifecycle homebridge-sinope@0.0.1~debug: CWD: /Users/jfdube/Documents/projects/homebridge-sinope
11 silly lifecycle homebridge-sinope@0.0.1~debug: Args: [ '-c', 'DEBUG=* homebridge --debug --plugin-path .' ]
12 silly lifecycle homebridge-sinope@0.0.1~debug: Returned: code: 1  signal: null
13 info lifecycle homebridge-sinope@0.0.1~debug: Failed to exec debug script
14 verbose stack Error: homebridge-sinope@0.0.1 debug: `DEBUG=* homebridge --debug --plugin-path .`
14 verbose stack Exit status 1
14 verbose stack     at EventEmitter.<anonymous> (/usr/local/lib/node_modules/npm/lib/utils/lifecycle.js:245:16)
14 verbose stack     at emitTwo (events.js:106:13)
14 verbose stack     at EventEmitter.emit (events.js:191:7)
14 verbose stack     at ChildProcess.<anonymous> (/usr/local/lib/node_modules/npm/lib/utils/spawn.js:24:14)
14 verbose stack     at emitTwo (events.js:106:13)
14 verbose stack     at ChildProcess.emit (events.js:191:7)
14 verbose stack     at maybeClose (internal/child_process.js:852:16)
14 verbose stack     at Process.ChildProcess._handle.onexit (internal/child_process.js:215:5)
15 verbose pkgid homebridge-sinope@0.0.1
16 verbose cwd /Users/jfdube/Documents/projects/homebridge-sinope
17 error Darwin 15.5.0
18 error argv "/usr/local/bin/node" "/usr/local/bin/npm" "run" "debug"
19 error node v6.2.2
20 error npm  v3.9.5
21 error code ELIFECYCLE
22 error homebridge-sinope@0.0.1 debug: `DEBUG=* homebridge --debug --plugin-path .`
22 error Exit status 1
23 error Failed at the homebridge-sinope@0.0.1 debug script 'DEBUG=* homebridge --debug --plugin-path .'.
23 error Make sure you have the latest version of node.js and npm installed.
23 error If you do, this is most likely a problem with the homebridge-sinope package,
23 error not with npm itself.
23 error Tell the author that this fails on your system:
23 error     DEBUG=* homebridge --debug --plugin-path .
23 error You can get information on how to open an issue for this project with:
23 error     npm bugs homebridge-sinope
23 error Or if that isn't available, you can get their info via:
23 error     npm owner ls homebridge-sinope
23 error There is likely additional logging output above.
24 verbose exit [ 1, true ]
